C51 COMPILER V9.60.0.0   KEY                                                               08/13/2024 12:26:12 PAGE 1   


C51 COMPILER V9.60.0.0, COMPILATION OF MODULE KEY
OBJECT MODULE PLACED IN .\Objects\Key.obj
COMPILER INVOKED BY: D:\ProgFiles\Keil_v5\C51\BIN\C51.EXE Key.c OPTIMIZE(8,SPEED) BROWSE DEBUG OBJECTEXTEND PRINT(.\List
                    -ings\Key.lst) TABS(2) OBJECT(.\Objects\Key.obj)

line level    source

   1          // Single-key driver logic
   2          
   3          #include <reg52.h>
   4          #include "main.h"
   5          #include "Key.h"
   6          
   7          unsigned char ReadKey() {
   8   1        unsigned char status = 0;
   9   1        if (!button1) {
  10   2          Delay1ms(BUTTON_DELAY);
  11   2          if (!button1) {
  12   3            status = 1;
  13   3          }
  14   2        }
  15   1        return status;
  16   1      }


MODULE INFORMATION:   STATIC OVERLAYABLE
   CODE SIZE        =     21    ----
   CONSTANT SIZE    =   ----    ----
   XDATA SIZE       =   ----    ----
   PDATA SIZE       =   ----    ----
   DATA SIZE        =   ----       1
   IDATA SIZE       =   ----    ----
   BIT SIZE         =   ----    ----
END OF MODULE INFORMATION.


C51 COMPILATION COMPLETE.  0 WARNING(S),  0 ERROR(S)
