C51 COMPILER V9.60.0.0   MAIN                                                              08/23/2024 22:50:30 PAGE 1   


C51 COMPILER V9.60.0.0, COMPILATION OF MODULE MAIN
OBJECT MODULE PLACED IN .\Objects\main.obj
COMPILER INVOKED BY: D:\ProgFiles\Keil_v5\C51\BIN\C51.EXE main.c OPTIMIZE(8,SPEED) BROWSE DEBUG OBJECTEXTEND PRINT(.\Lis
                    -tings\main.lst) TABS(2) OBJECT(.\Objects\main.obj)

line level    source

   1          #include <reg52.h>
   2          #include <intrins.h>
   3          #include <stdio.h>
   4          #include "STCUART.h"
   5          #include "main.h"
   6          #include "Key.h"
   7          #include "hwinit.h"
   8          
   9          unsigned char state = 0;
  10          /*
  11            State0: 车绿灯，行人红灯
  12            State1: 车倒计时绿灯，行人红灯
  13            State2: 车黄灯，行人红灯
  14            State3: 车红灯，行人红灯
  15            State4: 车红灯，行人倒计时绿灯
  16            State5: 车红灯，行人红灯
  17            然后回到State0
  18          */
  19          unsigned char Tcnt = 20;
  20          unsigned char Icnt = 20;
  21          
  22          void Delay1ms(int t)    //@11.0592MHz
  23          {
  24   1        int k = 0;
  25   1        for (k = 0; k < t; k++) 
  26   1        {
  27   2          unsigned char i, j;
  28   2          _nop_();
  29   2          i = 2;
  30   2          j = 199;
  31   2          do {
  32   3            while (--j);
  33   3          }
  34   2          while (--i);
  35   2        }
  36   1      }
  37          
  38          void switchState(int buttonState) {
  39   1        if (state == 0 && buttonState == 1) {
  40   2          state = 1;
  41   2          SendString("Switching to state 1\r\n");
  42   2          TR0 = 1;
  43   2        }
  44   1      }
  45          
  46          void clearScreen() {
  47   1        DCLK = 1;
  48   1        Display0 = 1;
  49   1        Display1 = 1;
  50   1        Display2 = 1;
  51   1        Display3 = 1;
  52   1        DCLK = 0;
  53   1      }
  54          
C51 COMPILER V9.60.0.0   MAIN                                                              08/23/2024 22:50:30 PAGE 2   

  55          void Timer0_ISR() interrupt 1 using 1 {
  56   1        TH0 = (65536 - 50*1000)/256;
  57   1        TL0 = (65536 - 50*1000)%256;
  58   1        if (Icnt > 0) {
  59   2          Icnt--;
  60   2        } else { // Tcnt=0时切换模式
  61   2          Icnt = 20;
  62   2          if (Tcnt > 0) {
  63   3            Tcnt--;
  64   3          } else {
  65   3            TR0 = 0;
  66   3            switch (state) {
  67   4              case 1:
  68   4                SendString("Switching to state 2\r\n");
  69   4                state = 2;
  70   4                Tcnt = 3;
  71   4                TR0 = 1;
  72   4                break;
  73   4              case 2:
  74   4                SendString("Switching to state 3\r\n");
  75   4                state = 3;
  76   4                Tcnt = 3;
  77   4                TR0 = 1;
  78   4                break;
  79   4              case 3:
  80   4                SendString("Switching to state 4\r\n");
  81   4                state = 4;
  82   4                Tcnt = 20;
  83   4                TR0 = 1;
  84   4                break;
  85   4              case 4:
  86   4                SendString("Switching to state 5\r\n");
  87   4                state = 5;
  88   4                Tcnt = 3;
  89   4                TR0 = 1;
  90   4                break;
  91   4              case 5:
  92   4                SendString("Switching to state 0\r\n");
  93   4                state = 0;
  94   4                Tcnt = 20;
  95   4                break;
  96   4              default:
  97   4                SendString("FSM internal error");
  98   4                break;
  99   4            }
 100   3          }
 101   2        }
 102   1      }
 103          
 104          void main() {
 105   1        UartInit();
 106   1        SendString("UART initialization OK\r\n");
 107   1        Timer0Init();
 108   1        SendString("Timer0 initialization OK\r\n");
 109   1        DisplayInit();
 110   1        SendString("Display initialization OK\r\n");
 111   1        
 112   1        while (1)
 113   1        {
 114   2          switchState(ReadKey());
 115   2          if (state == 0)
 116   2          {
C51 COMPILER V9.60.0.0   MAIN                                                              08/23/2024 22:50:30 PAGE 3   

 117   3            LED1_R = 0;
 118   3            LED1_Y = 0;
 119   3            LED1_G = 1;
 120   3            LED2_R = 1;
 121   3            LED2_Y = 0;
 122   3            LED2_G = 0;
 123   3          }
 124   2          else if (state == 1)
 125   2          {
 126   3            LED1_R = 0;
 127   3            LED1_Y = 0;
 128   3            LED1_G = 1;
 129   3            LED2_R = 1;
 130   3            LED2_Y = 0;
 131   3            LED2_G = 0;
 132   3            if (Tcnt <= 9) {
 133   4              DCLK = 1;
 134   4              Display0 = Tcnt%2;  
 135   4              Display1 = (Tcnt/2)%2;
 136   4              Display2 = (Tcnt/4)%2;
 137   4              Display3 = (Tcnt/8)%2;
 138   4              DCLK = 0;
 139   4            } else {
 140   4              DCLK = 1;
 141   4              Display0 = 1;
 142   4              Display1 = 1;
 143   4              Display2 = 1;
 144   4              Display3 = 1;
 145   4              DCLK = 0;
 146   4            }
 147   3          }
 148   2          else if (state == 2)
 149   2          {
 150   3            LED1_R = 0;
 151   3            LED1_Y = 1;
 152   3            LED1_G = 0;
 153   3            LED2_R = 1;
 154   3            LED2_Y = 0;
 155   3            LED2_G = 0;
 156   3            clearScreen();
 157   3          }
 158   2          else if (state == 3)
 159   2          {
 160   3            LED1_R = 1;
 161   3            LED1_Y = 0;
 162   3            LED1_G = 0;
 163   3            LED2_R = 1;
 164   3            LED2_Y = 0;
 165   3            LED2_G = 0;
 166   3            clearScreen();
 167   3          }
 168   2          else if (state == 4)
 169   2          {
 170   3            LED1_R = 1;
 171   3            LED1_Y = 0;
 172   3            LED1_G = 0;
 173   3            LED2_R = 0;
 174   3            LED2_Y = 0;
 175   3            LED2_G = 1;
 176   3            if (Tcnt <= 9) {
 177   4              DCLK = 1;
 178   4              Display0 = Tcnt%2;  
C51 COMPILER V9.60.0.0   MAIN                                                              08/23/2024 22:50:30 PAGE 4   

 179   4              Display1 = (Tcnt/2)%2;
 180   4              Display2 = (Tcnt/4)%2;
 181   4              Display3 = (Tcnt/8)%2;
 182   4              DCLK = 0;
 183   4            } else {
 184   4              DCLK = 1;
 185   4              Display0 = 1;
 186   4              Display1 = 1;
 187   4              Display2 = 1;
 188   4              Display3 = 1;
 189   4              DCLK = 0;
 190   4            }
 191   3          }
 192   2          else if (state == 5)
 193   2          {
 194   3            LED1_R = 1;
 195   3            LED1_Y = 0;
 196   3            LED1_G = 0;
 197   3            LED2_R = 1;
 198   3            LED2_Y = 0;
 199   3            LED2_G = 0;
 200   3            clearScreen();
 201   3          }
 202   2          else
 203   2          {
 204   3            LED1_R = 0;
 205   3            LED1_Y = 0;
 206   3            LED1_G = 1;
 207   3            LED2_R = 1;
 208   3            LED2_Y = 0;
 209   3            LED2_G = 0;
 210   3            clearScreen();
 211   3          }
 212   2          Delay1ms(10);
 213   2        }
 214   1      }


MODULE INFORMATION:   STATIC OVERLAYABLE
   CODE SIZE        =    497    ----
   CONSTANT SIZE    =    237    ----
   XDATA SIZE       =   ----    ----
   PDATA SIZE       =   ----    ----
   DATA SIZE        =      3       2
   IDATA SIZE       =   ----    ----
   BIT SIZE         =   ----    ----
END OF MODULE INFORMATION.


C51 COMPILATION COMPLETE.  0 WARNING(S),  0 ERROR(S)
