C51 COMPILER V9.60.0.0   STCUART                                                           08/12/2024 18:37:50 PAGE 1   


C51 COMPILER V9.60.0.0, COMPILATION OF MODULE STCUART
OBJECT MODULE PLACED IN .\Objects\STCUART.obj
COMPILER INVOKED BY: D:\ProgFiles\Keil_v5\C51\BIN\C51.EXE STCUART.c OPTIMIZE(8,SPEED) BROWSE DEBUG OBJECTEXTEND PRINT(.\
                    -Listings\STCUART.lst) TABS(2) OBJECT(.\Objects\STCUART.obj)

line level    source

   1          /*------------------------------------------------------------------*/
   2          /* --- STC MCU Limited ---------------------------------------------*/
   3          /* --- STC89-90xx Series MCU UART (8-bit/9-bit)Demo ----------------*/
   4          /* --- Mobile: (86)13922805190 -------------------------------------*/
   5          /* --- Fax: 86-0513-55012956,55012947,55012969 ---------------------*/
   6          /* --- Tel: 86-0513-55012928,55012929,55012966----------------------*/
   7          /* --- Web: www.STCMCU.com -----------------------------------------*/
   8          /* --- Web: www.GXWMCU.com -----------------------------------------*/
   9          /* If you want to use the program or the program referenced in the  */
  10          /* article, please specify in which data and procedures from STC    */
  11          /*------------------------------------------------------------------*/
  12          
  13          #include "reg51.h"
  14          #include "intrins.h"
  15          #include "STCUART.h"
  16          #include "main.h"
  17          
  18          bit busy;
  19          
  20          void UartInit()
  21          {
  22   1          SCON = 0x50;            //8-bit variable UART
  23   1          TMOD = 0x20;            //Set Timer1 as 8-bit auto reload mode
  24   1          TH1 = -(FOSC/12/32/BAUD); //Set auto-reload vaule
  25   1          TL1 = -(FOSC/12/32/BAUD);
  26   1          ET1 = 0;
  27   1          TR1 = 1;                //Timer1 start run
  28   1      }
  29          
  30          /*----------------------------
  31          Send a byte data to UART
  32          Input: dat (data to be sent)
  33          Output:None
  34          ----------------------------*/
  35          void SendData(BYTE dat)
  36          {
  37   1          SBUF = dat;             //Send data to UART buffer
  38   1          while (!TI);
  39   1          TI = 0;
  40   1      }
  41          
  42          /*----------------------------
  43          Send a string to UART
  44          Input: s (address of string)
  45          Output:None
  46          ----------------------------*/
  47          void SendString(char *s)
  48          {
  49   1          while (*s != '\0')              //Check the end of the string
  50   1          {
  51   2              SendData(*s);     //Send current char
  52   2              s++;
  53   2          }
  54   1      }
C51 COMPILER V9.60.0.0   STCUART                                                           08/12/2024 18:37:50 PAGE 2   

  55          


MODULE INFORMATION:   STATIC OVERLAYABLE
   CODE SIZE        =     44    ----
   CONSTANT SIZE    =   ----    ----
   XDATA SIZE       =   ----    ----
   PDATA SIZE       =   ----    ----
   DATA SIZE        =   ----    ----
   IDATA SIZE       =   ----    ----
   BIT SIZE         =      1    ----
END OF MODULE INFORMATION.


C51 COMPILATION COMPLETE.  0 WARNING(S),  0 ERROR(S)
