C51 COMPILER V9.60.0.0   UART                                                              08/09/2024 17:57:43 PAGE 1   


C51 COMPILER V9.60.0.0, COMPILATION OF MODULE UART
OBJECT MODULE PLACED IN .\Objects\Uart.obj
COMPILER INVOKED BY: D:\ProgFiles\Keil_v5\C51\BIN\C51.EXE Uart.c OPTIMIZE(8,SPEED) BROWSE DEBUG OBJECTEXTEND PRINT(.\Lis
                    -tings\Uart.lst) TABS(2) OBJECT(.\Objects\Uart.obj)

line level    source

   1          #include <reg52.h>
   2          #include "main.h"
   3          #include "Uart.h"
   4          typedef unsigned char u8;
   5          void UartInit(void)   //9600bps@11.0592MHz
   6          {
   7   1        SCON = 0x50;    //8位数据,可变波特率
   8   1        TMOD &= 0x0F;   //设置定时器模式
   9   1        TL1 = 0xE0;     //设置定时初始值
  10   1        TH1 = 0xFE;     //设置定时初始值
  11   1        ET1 = 0;      //禁止定时器中断
  12   1        TR1 = 1;      //定时器1开始计时
  13   1      }
  14          
  15          void uart_send_byte(u8 byte_data)
  16          {
  17   1        SBUF = byte_data;
  18   1        while(!TI);
  19   1        TI=0;
  20   1      }
  21          
  22          void uart_send_string(u8 *str)
  23          {
  24   1        while(*str)
  25   1        {
  26   2          uart_send_byte(*str++); 
  27   2          Delay1ms(10);
  28   2        }
  29   1      }
  30          
  31          char putchar(char c){
  32   1        uart_send_byte(c);
  33   1        return c;
  34   1      }


MODULE INFORMATION:   STATIC OVERLAYABLE
   CODE SIZE        =     74    ----
   CONSTANT SIZE    =   ----    ----
   XDATA SIZE       =   ----    ----
   PDATA SIZE       =   ----    ----
   DATA SIZE        =   ----       3
   IDATA SIZE       =   ----    ----
   BIT SIZE         =   ----    ----
END OF MODULE INFORMATION.


C51 COMPILATION COMPLETE.  0 WARNING(S),  0 ERROR(S)
